[root@iz2ze57ohv9td0z2m0414hz mysql]# ./scripts/mysql_install_db --user=mysql --datadir=/data/mysql
Installing MySQL system tables...2017-08-25 23:41:35 0 [Warning] TIMESTAMP with implicit DEFAULT value is deprecated. Please use --explicit_defaults_for_timestamp server option (see documentation for more details).
2017-08-25 23:41:35 0 [Note] Ignoring --secure-file-priv value as server is running with --bootstrap.
2017-08-25 23:41:35 0 [Note] ./bin/mysqld (mysqld 5.6.37) starting as process 7674 ...
2017-08-25 23:41:35 7674 [Note] InnoDB: Using atomics to ref count buffer pool pages
2017-08-25 23:41:35 7674 [Note] InnoDB: The InnoDB memory heap is disabled
2017-08-25 23:41:35 7674 [Note] InnoDB: Mutexes and rw_locks use GCC atomic builtins
2017-08-25 23:41:35 7674 [Note] InnoDB: Memory barrier is not used
2017-08-25 23:41:35 7674 [Note] InnoDB: Compressed tables use zlib 1.2.3
2017-08-25 23:41:35 7674 [Note] InnoDB: Using Linux native AIO
2017-08-25 23:41:35 7674 [Note] InnoDB: Using CPU crc32 instructions
2017-08-25 23:41:35 7674 [Note] InnoDB: Initializing buffer pool, size = 128.0M
2017-08-25 23:41:35 7674 [Note] InnoDB: Completed initialization of buffer pool
2017-08-25 23:41:35 7674 [Note] InnoDB: Highest supported file format is Barracuda.
2017-08-25 23:41:35 7674 [Note] InnoDB: 128 rollback segment(s) are active.
2017-08-25 23:41:35 7674 [Note] InnoDB: Waiting for purge to start
2017-08-25 23:41:35 7674 [Note] InnoDB: 5.6.37 started; log sequence number 1600607
2017-08-25 23:41:35 7674 [Note] Binlog end
2017-08-25 23:41:35 7674 [Note] InnoDB: FTS optimize thread exiting.
2017-08-25 23:41:35 7674 [Note] InnoDB: Starting shutdown...
2017-08-25 23:41:37 7674 [Note] InnoDB: Shutdown completed; log sequence number 1625987
OK

Filling help tables...2017-08-25 23:41:37 0 [Warning] TIMESTAMP with implicit DEFAULT value is deprecated. Please use --explicit_defaults_for_timestamp server option (see documentation for more details).
2017-08-25 23:41:37 0 [Note] Ignoring --secure-file-priv value as server is running with --bootstrap.
2017-08-25 23:41:37 0 [Note] ./bin/mysqld (mysqld 5.6.37) starting as process 7697 ...
2017-08-25 23:41:37 7697 [Note] InnoDB: Using atomics to ref count buffer pool pages
2017-08-25 23:41:37 7697 [Note] InnoDB: The InnoDB memory heap is disabled
2017-08-25 23:41:37 7697 [Note] InnoDB: Mutexes and rw_locks use GCC atomic builtins
2017-08-25 23:41:37 7697 [Note] InnoDB: Memory barrier is not used
2017-08-25 23:41:37 7697 [Note] InnoDB: Compressed tables use zlib 1.2.3
2017-08-25 23:41:37 7697 [Note] InnoDB: Using Linux native AIO
2017-08-25 23:41:37 7697 [Note] InnoDB: Using CPU crc32 instructions
2017-08-25 23:41:37 7697 [Note] InnoDB: Initializing buffer pool, size = 128.0M
2017-08-25 23:41:37 7697 [Note] InnoDB: Completed initialization of buffer pool
2017-08-25 23:41:37 7697 [Note] InnoDB: Highest supported file format is Barracuda.
2017-08-25 23:41:37 7697 [Note] InnoDB: 128 rollback segment(s) are active.
2017-08-25 23:41:37 7697 [Note] InnoDB: Waiting for purge to start
2017-08-25 23:41:37 7697 [Note] InnoDB: 5.6.37 started; log sequence number 1625987
2017-08-25 23:41:37 7697 [Note] Binlog end
2017-08-25 23:41:37 7697 [Note] InnoDB: FTS optimize thread exiting.
2017-08-25 23:41:37 7697 [Note] InnoDB: Starting shutdown...
2017-08-25 23:41:38 7697 [Note] InnoDB: Shutdown completed; log sequence number 1625997
OK

To start mysqld at boot time you have to copy
support-files/mysql.server to the right place for your system

PLEASE REMEMBER TO SET A PASSWORD FOR THE MySQL root USER !
To do so, start the server, then issue the following commands:

  ./bin/mysqladmin -u root password 'new-password'
  ./bin/mysqladmin -u root -h iz2ze57ohv9td0z2m0414hz password 'new-password'

Alternatively you can run:

  ./bin/mysql_secure_installation

which will also give you the option of removing the test
databases and anonymous user created by default.  This is
strongly recommended for production servers.

See the manual for more instructions.

You can start the MySQL daemon with:

  cd . ; ./bin/mysqld_safe &

You can test the MySQL daemon with mysql-test-run.pl

  cd mysql-test ; perl mysql-test-run.pl

Please report any problems at http://bugs.mysql.com/

The latest information about MySQL is available on the web at

  http://www.mysql.com

Support MySQL by buying support/licenses at http://shop.mysql.com

New default config file was created as ./my.cnf and
will be used by default by the server when you start it.
You may edit this file to change server settings

WARNING: Default config file /etc/my.cnf exists on the system
This file will be read by default by the MySQL server
If you do not want to use this, either remove it, or use the
--defaults-file argument to mysqld_safe when starting the server

[root@iz2ze57ohv9td0z2m0414hz mysql]#



---------------------------------------------------------------------------------------------------------------------------2.

[root@iz2ze57ohv9td0z2m0414hz mysql]# ./bin/mysqld  --initialize --user=mysql --datadir=/data/mysql
2017-08-25 22:57:41 0 [Warning] TIMESTAMP with implicit DEFAULT value is deprecated. Please use --explicit_defaults_for_timestamp server option (see documentation for more details                                                          ).
2017-08-25 22:57:41 0 [Note] --secure-file-priv is set to NULL. Operations related to importing and exporting data are disabled
2017-08-25 22:57:41 0 [Note] ./bin/mysqld (mysqld 5.6.37) starting as process 7604 ...
2017-08-25 22:57:41 7604 [Note] Plugin 'FEDERATED' is disabled.
./bin/mysqld: Table 'mysql.plugin' doesn't exist
2017-08-25 22:57:41 7604 [ERROR] Can't open the mysql.plugin table. Please run mysql_upgrade to create it.
2017-08-25 22:57:41 7604 [Note] InnoDB: Using atomics to ref count buffer pool pages
2017-08-25 22:57:41 7604 [Note] InnoDB: The InnoDB memory heap is disabled
2017-08-25 22:57:41 7604 [Note] InnoDB: Mutexes and rw_locks use GCC atomic builtins
2017-08-25 22:57:41 7604 [Note] InnoDB: Memory barrier is not used
2017-08-25 22:57:41 7604 [Note] InnoDB: Compressed tables use zlib 1.2.3
2017-08-25 22:57:41 7604 [Note] InnoDB: Using Linux native AIO
2017-08-25 22:57:41 7604 [Note] InnoDB: Using CPU crc32 instructions
2017-08-25 22:57:41 7604 [Note] InnoDB: Initializing buffer pool, size = 128.0M
2017-08-25 22:57:41 7604 [Note] InnoDB: Completed initialization of buffer pool
2017-08-25 22:57:41 7604 [Note] InnoDB: The first specified data file ./ibdata1 did not exist: a new database to be created!
2017-08-25 22:57:41 7604 [Note] InnoDB: Setting file ./ibdata1 size to 12 MB
2017-08-25 22:57:41 7604 [Note] InnoDB: Database physically writes the file full: wait...
2017-08-25 22:57:41 7604 [Note] InnoDB: Setting log file ./ib_logfile101 size to 48 MB
2017-08-25 22:57:42 7604 [Note] InnoDB: Setting log file ./ib_logfile1 size to 48 MB
2017-08-25 22:57:43 7604 [Note] InnoDB: Renaming log file ./ib_logfile101 to ./ib_logfile0
2017-08-25 22:57:43 7604 [Warning] InnoDB: New log files created, LSN=45781
2017-08-25 22:57:43 7604 [Note] InnoDB: Doublewrite buffer not found: creating new
2017-08-25 22:57:43 7604 [Note] InnoDB: Doublewrite buffer created
2017-08-25 22:57:43 7604 [Note] InnoDB: 128 rollback segment(s) are active.
2017-08-25 22:57:43 7604 [Warning] InnoDB: Creating foreign key constraint system tables.
2017-08-25 22:57:43 7604 [Note] InnoDB: Foreign key constraint system tables created
2017-08-25 22:57:43 7604 [Note] InnoDB: Creating tablespace and datafile system tables.
2017-08-25 22:57:43 7604 [Note] InnoDB: Tablespace and datafile system tables created.
2017-08-25 22:57:43 7604 [Note] InnoDB: Waiting for purge to start
2017-08-25 22:57:43 7604 [Note] InnoDB: 5.6.37 started; log sequence number 0
2017-08-25 22:57:43 7604 [ERROR] ./bin/mysqld: unknown option '--initialize'
2017-08-25 22:57:43 7604 [ERROR] Aborting

2017-08-25 22:57:43 7604 [Note] Binlog end
2017-08-25 22:57:43 7604 [Note] Shutting down plugin 'partition'
2017-08-25 22:57:43 7604 [Note] Shutting down plugin 'PERFORMANCE_SCHEMA'
2017-08-25 22:57:43 7604 [Note] Shutting down plugin 'INNODB_SYS_DATAFILES'
2017-08-25 22:57:43 7604 [Note] Shutting down plugin 'INNODB_SYS_TABLESPACES'
2017-08-25 22:57:43 7604 [Note] Shutting down plugin 'INNODB_SYS_FOREIGN_COLS'
2017-08-25 22:57:43 7604 [Note] Shutting down plugin 'INNODB_SYS_FOREIGN'
2017-08-25 22:57:43 7604 [Note] Shutting down plugin 'INNODB_SYS_FIELDS'
2017-08-25 22:57:43 7604 [Note] Shutting down plugin 'INNODB_SYS_COLUMNS'
2017-08-25 22:57:43 7604 [Note] Shutting down plugin 'INNODB_SYS_INDEXES'
2017-08-25 22:57:43 7604 [Note] Shutting down plugin 'INNODB_SYS_TABLESTATS'
2017-08-25 22:57:43 7604 [Note] Shutting down plugin 'INNODB_SYS_TABLES'
2017-08-25 22:57:43 7604 [Note] Shutting down plugin 'INNODB_FT_INDEX_TABLE'
2017-08-25 22:57:43 7604 [Note] Shutting down plugin 'INNODB_FT_INDEX_CACHE'
2017-08-25 22:57:43 7604 [Note] Shutting down plugin 'INNODB_FT_CONFIG'
2017-08-25 22:57:43 7604 [Note] Shutting down plugin 'INNODB_FT_BEING_DELETED'
2017-08-25 22:57:43 7604 [Note] Shutting down plugin 'INNODB_FT_DELETED'
2017-08-25 22:57:43 7604 [Note] Shutting down plugin 'INNODB_FT_DEFAULT_STOPWORD'
2017-08-25 22:57:43 7604 [Note] Shutting down plugin 'INNODB_METRICS'
2017-08-25 22:57:43 7604 [Note] Shutting down plugin 'INNODB_BUFFER_POOL_STATS'
2017-08-25 22:57:43 7604 [Note] Shutting down plugin 'INNODB_BUFFER_PAGE_LRU'
2017-08-25 22:57:43 7604 [Note] Shutting down plugin 'INNODB_BUFFER_PAGE'
2017-08-25 22:57:43 7604 [Note] Shutting down plugin 'INNODB_CMP_PER_INDEX_RESET'
2017-08-25 22:57:43 7604 [Note] Shutting down plugin 'INNODB_CMP_PER_INDEX'
2017-08-25 22:57:43 7604 [Note] Shutting down plugin 'INNODB_CMPMEM_RESET'
2017-08-25 22:57:43 7604 [Note] Shutting down plugin 'INNODB_CMPMEM'
2017-08-25 22:57:43 7604 [Note] Shutting down plugin 'INNODB_CMP_RESET'
2017-08-25 22:57:43 7604 [Note] Shutting down plugin 'INNODB_CMP'
2017-08-25 22:57:43 7604 [Note] Shutting down plugin 'INNODB_LOCK_WAITS'
2017-08-25 22:57:43 7604 [Note] Shutting down plugin 'INNODB_LOCKS'
2017-08-25 22:57:43 7604 [Note] Shutting down plugin 'INNODB_TRX'
2017-08-25 22:57:43 7604 [Note] Shutting down plugin 'InnoDB'
2017-08-25 22:57:43 7604 [Note] InnoDB: FTS optimize thread exiting.
2017-08-25 22:57:43 7604 [Note] InnoDB: Starting shutdown...
2017-08-25 22:57:45 7604 [Note] InnoDB: Shutdown completed; log sequence number 1600607
2017-08-25 22:57:45 7604 [Note] Shutting down plugin 'ARCHIVE'
2017-08-25 22:57:45 7604 [Note] Shutting down plugin 'BLACKHOLE'
2017-08-25 22:57:45 7604 [Note] Shutting down plugin 'CSV'
2017-08-25 22:57:45 7604 [Note] Shutting down plugin 'MEMORY'
2017-08-25 22:57:45 7604 [Note] Shutting down plugin 'MRG_MYISAM'
2017-08-25 22:57:45 7604 [Note] Shutting down plugin 'MyISAM'
2017-08-25 22:57:45 7604 [Note] Shutting down plugin 'sha256_password'
2017-08-25 22:57:45 7604 [Note] Shutting down plugin 'mysql_old_password'
2017-08-25 22:57:45 7604 [Note] Shutting down plugin 'mysql_native_password'
2017-08-25 22:57:45 7604 [Note] Shutting down plugin 'binlog'
2017-08-25 22:57:45 7604 [Note] ./bin/mysqld: Shutdown complete

[root@iz2ze57ohv9td0z2m0414hz mysql]#
